<?xml version="1.0" encoding="UTF-8"?>
<!-- Generated by org.testng.reporters.JUnitReportReporter -->
<testsuite hostname="YY145992" name="sanitySuite.ShoppingCartTest" tests="2" failures="0" timestamp="24 Feb 2019 17:43:37 GMT" time="384.391" errors="0">
  <testcase name="AddItemToCartandCheckoutForExistingUser" time="174.846" classname="sanitySuite.ShoppingCartTest"/>
  <testcase name="AddItemToCartandCheckoutForNewUser" time="209.545" classname="sanitySuite.ShoppingCartTest"/>
</testsuite> <!-- sanitySuite.ShoppingCartTest -->
