<?xml version="1.0" encoding="UTF-8"?>
<!-- Generated by org.testng.reporters.JUnitReportReporter -->
<testsuite hostname="YY145992" name="sanitySuite.AmazonShoppingTest" tests="1" failures="0" timestamp="24 Feb 2019 16:49:49 GMT" time="134.220" errors="0">
  <testcase name="AdditemtoCartandCheckout" time="134.220" classname="sanitySuite.AmazonShoppingTest"/>
</testsuite> <!-- sanitySuite.AmazonShoppingTest -->
